Query 1 KENNEDY 1 SUPPRESSING 1 DINH 1 STOP 1 ON 2 BUDDHISTS 1 PRESSURE 1 TO 2 THE 1 ADMINISTRATION 1 DIEM 1 NGO 1

Query 2 GET 1 CHANGE 1 AMBASSADOR 1 HIS 1 REPRESSION 1 OF 2 S 9 POLICIES 1 HENRY 1 LODGE 1 TO 2 EFFORTS 1 VIET 1 NAM 1 CABOT 1 POLITICAL 1 DIEM 1 PRESIDENT 1

Query 3 COMPARED 1 SOUTH 1 AS 3 STATES 1 IT 3 OF 2 NUMBER 2 STATIONED 2 IN 2 TROOPS 2 WEST 1 THE 2 VIET 1 NAM 1 GERMANY 1 HAS 2 UNITED 1 WITH 1

Query 4 SOUTH 1 REGIME 1 OVERTHREW 1 IN 1 S 3 NEW 1 WHICH 1 TOWARD 1 DIEM 1 THE 1 VIET 1 NAM 1 POLICY 1 PRESIDENT 1 U 2

Query 5 IN 2 INVOLVED 1 COUP 1 THE 1 VIET 1 NAM 1 PERSONS 1

Query 6 SOUTH 1 COMMITTED 1 THEY 1 TO 1 GAIN 1 SUCH 1 SUICIDES 1 SOME 1 SEEKING 1 ARE 1 NAM 1 BY 2 ACTS 1 BUDDHIST 1 MONKS 1 IN 3 CEREMONIAL 1 AND 1 VIET 1 WHAT 1

Query 7 OF 1 FURTHER 1 BY 1 S 5 REJECTION 1 AID 1 NATION 1 PRINCE 1 ALL 1 SIHANOUK 1 ASIAN 1 AN 3 LEADER 1 TO 1 NEUTRALIST 1 HIS 1 NORODOM 1 U 4

Query 8 OPINION 1 OF 3 IN 4 ON 4 TEAM 1 JOINING 1 FEDERATION 1 AND 1 THE 2 N 12 PUBLIC 1 QUESTION 1 MALAYSIA 1 NORTH 1 SURVEY 1 BORNEO 1 SARAWAK 1 U 4

Query 9 OPPOSITION 1 OF 1 NEWLY 1 CREATED 1 MALAYSIA 1 TO 1 THE 1 INDONESIA 1

Query 10 IN 2 OF 2 ASIA 1 GROWING 1 CREATION 1 PROPOSED 1 SOUTHEAST 1 FEDERATION 1 THE 2 MALAYSIA 1 OVER 2 CONTROVERSY 1 A 9

Query 11 TAKE 1 NATIONS 1 UNDER 1 OF 1 IRIAN 1 WHICH 1 WEST 1 FOR 1 ARRANGEMENTS 1 BEEN 1 UNITED 1 TO 1 THE 1 ADMINISTRATION 2 OVER 1 HAS 1 INDONESIA 1

Query 12 MALAYA 1 OF 1 WOULD 1 FIVE 1 ON 4 WHICH 1 UNITE 1 PROPOSED 1 FEDERATION 1 AND 1 THE 1 BETWEEN 1 MALAYSIA 1 TERRITORIES 1 CONTROVERSY 1 INDONESIA 1

Query 13 LAST 1 14 1 THAT 1 BROUGHT 1 TRUCE 2 WAS 1 UP 1 BY 1 ON 2 YEAR 1 AGREED 1 NATIONS 1 IN 3 PRECARIOUS 1 WHICH 1 THE 2 LAOS 1 BEFORE 1 BRITAIN 1 GENEVA 1

Query 14 INTERNATIONAL 1 IS 2 COUNTRIES 1 USED 1 NAMES 1 FORMED 1 FAR 1 EAST 1 A 9 THREE 1 WORD 1 PARTS 1 DISCUSSIONS 1 RELATIONS 1 OF 3 IN 5 BEING 1 WHICH 1 MAPHILINDO 1 THE 2 FROM 1

Query 15 AS 1 SOUTH 1 OF 2 PARK 1 ELECTION 1 KOREA 1 HEE 1 PRESIDENT 1 CHUNG 1

Query 16 INTERNATIONAL 1 CHINA 1 TO 3 CONTROL 1 THAT 1 HAS 1 TRY 1 COMMISSION 1 FOR 2 EFFORTS 1 THREE 1 FIGHTING 1 OF 1 IN 5 STOP 1 NATION 2 FLARED 1 THE 2 LAOS 1 INDO 1

Query 17 WITHDRAWAL 1 OF 2 BY 1 BRUNEI 1 PROPOSED 1 FEDERATION 1 MALAYSIA 1 THE 2 SULTANATE 1 FROM 1

Query 18 CONTRIBUTE 1 RUSSIA 1 NATIONS 1 OF 1 S 8 FORCES 1 PEACEKEEPING 1 FOR 2 REFUSAL 1 TO 1 THE 1 SUPPORT 1 UNITED 1 FUNDS 1

Query 19 THEIR 1 TO 2 YEMEN 2 INVOLVES 1 AGREEMENT 1 OBSERVERS 1 SENT 1 UNITED 2 BY 1 FORCES 1 WITHDRAW 1 EXPEDITIONARY 1 REPUBLIC 1 SAUDI 1 ARABIA 1 FORCE 2 NATIONS 1 BEING 1 WHICH 1 AND 1 THE 3 FROM 2 ARAB 2

Query 20 PAY 2 WOULD 1 IF 1 ITS 2 WARNED 1 TO 2 HAS 1 ASSESSMENT 1 ARE 1 ARREARS 2 UNITED 2 STATES 1 UP 1 INVOLVED 1 THESE 1 LIMIT 1 ISSUES 1 IT 6 NATIONS 3 LEVEL 1 PAYMENTS 1 OF 1 IN 5 BEING 1 NOW 1 FAIL 1 THE 3 REGULAR 1 WHAT 1

Query 21 SOUTH 1 NATIONS 1 AFRICA 2 OF 1 BY 1 SECURITY 1 COMPLAINTS 1 AGAINST 1 CONSIDERATION 1 COUNCIL 1 THE 1 AFRICAN 1 AND 1 32 1 PORTUGAL 1

Query 22 HAVE 1 OFFERED 1 WITHDRAWN 1 FORCES 1 WHICH 1 IF 1 ARE 1 BEEN 1 THE 1 N 5 FROM 1 CONGO 1 ALTERNATIVES 1 U 1

Query 23 HAVE 1 NATIONS 1 NEWLY 1 THE 1 COUNTRIES 1 WHAT 1 UNITED 1 JOINED 1

Query 24 GET 1 NATIONS 1 FREE 1 COLONIES 1 PORTUGAL 1 ITS 1 AFRICAN 1 TO 2 EFFORTS 1 UNITED 1

Query 25 OF 1 ARAB 1 CONFLICT 1 ITS 1 NEIGHBORS 1 CONSIDERATION 1 THE 1 N 7 BETWEEN 1 AND 1 ISRAEL 1 U 1

Query 26 NATIONS 1 IN 1 OF 2 COMPRISED 1 EFFECT 1 UNDERDEVELOPED 1 THE 1 N 5 MAJORITY 1 A 3 U 2

Query 27 HIGH 1 RUSSIA 1 PROPOSAL 1 LEVEL 1 SUMMIT 1 MEETING 1 NEW 1 NEGOTIATIONS 1 OR 2 FOR 1 POWER 1 WITH 1 FOUR 1 A 4 BRITISH 1

Query 28 PARTIES 1 IN 2 OF 1 ELECTIONS 1 RECENT 1 ITALIAN 1 POPULAR 1 POLITICAL 1 THE 2 VARIOUS 1 VOTES 1 STRENGTHS 1

Query 29 MOST 1 TREATMENT 1 TO 2 YUGOSLAVIA 1 FOR 1 STATE 2 BETWEEN 1 CONCERNING 1 PRESIDENT 1 UNITED 1 YUGOSLAV 2 STATES 1 SECRETARY 1 RUSK 1 OF 2 TITO 1 NATION 1 FAVORED 1 AND 1 THE 1 EXPORTS 1 TALKS 1

Query 30 NEXT 1 LABOR 1 VOTE 1 S 7 PRIME 1 CONFIDENCE 1 BRITISH 1 HAVE 1 BY 1 ON 5 EFFECT 1 WON 1 SCANDAL 2 MAY 1 MACMILLAN 1 OF 3 IN 2 PROFUMO 2 ELECTIONS 1 PARLIAMENTARY 1 MINISTER 1 AND 3 THE 3 WHAT 1 CHANCES 1

Query 31 IN 1 OF 2 CHANCELLORSHIP 1 WHICH 1 WEST 1 GERMAN 1 FUTURE 1 DISCUSSIONS 1 LEADERS 1 THE 2 FIGURE 1

Query 32 IN 1 OF 1 BY 1 FOUR 1 SATELLITE 1 KHRUSHCHEV 1 EUROPEAN 1 HELD 1 PREMIER 1 THE 1 LEADERS 1 COUNTRIES 1 WITH 1 EAST 2 TALKS 1 GERMANY 1

Query 33 WAS 1 PRODUCED 1 BY 1 INVOLVING 1 WHICH 1 AND 1 THE 3 WALLOONS 1 CRISIS 1 CONTROVERSY 1 GOVERNMENT 1 FLEMINGS 1

Query 34 FACING 1 OF 1 S 7 GROWING 1 IS 1 DIFFICULTIES 1 ITS 1 POLICIES 1 THE 1 OVER 2 UNREST 1 MINORITY 1 IRELAND 1 AGRICULTURAL 1 GOVERNMENT 1 BECAUSE 1

Query 35 HAVING 1 S 10 ON 2 ITS 1 POSSESSIONS 1 TROUBLES 1 BEEN 1 AND 1 THE 2 BETWEEN 1 AFRICAN 1 WITH 1 TALKS 1 HAS 1 PORTUGAL 2 U 4

Query 36 NOVOTNY 1 HEADED 1 IN 2 BY 1 UPS 1 CZECH 1 THE 1 ANTONIN 1 SHAKE 1 REGIME 1 PRESIDENT 1

Query 37 RUSSIA 1 STATES 1 WHEAT 1 INVOLVING 1 AND 1 THE 1 CANADA 1 DEALS 1 UNITED 1

Query 38 BE 2 OF 1 NUMBER 1 IN 1 S 3 FORCES 1 EUROPE 1 MIGHT 1 REDUCED 1 THE 1 THAT 1 SPECULATION 1 U 5

Query 39 REPUBLICANS 1 BE 1 COALITION 1 IN 2 FORMED 1 BY 1 LEFT 1 CHRISTIAN 1 DEMOCRATS 2 SOCIAL 2 AND 1 TO 1 THE 2 ITALY 1 WING 1 SOCIALISTS 1 GOVERNMENT 1

Query 40 LEAD 1 LABOR 1 OF 1 IN 4 REGARDING 1 WHICH 1 IS 1 OR 2 CONSERVATIVES 1 RESULTS 1 POLLS 1 THE 4 POLITICAL 1 BRITAIN 1 PARTY 2

Query 41 GAULLE 1 TWO 1 PROPOSALS 1 YEAR 1 AFFECTING 1 ALLIED 1 RELATIONS 1 THIS 1 DE 1 WHAT 1 DID 1 REJECT 1

Query 42 FORCE 1 BE 2 FRANCE 1 NUCLEAR 1 GAULLE 1 OF 1 A 6 S 8 EUROPEAN 1 SHOULD 1 DEFENSE 1 SYSTEM 1 THE 1 KEYSTONE 1 THAT 1 BELIEF 1 DE 3 PRESIDENT 1

Query 43 CLOSER 1 FIND 1 BY 1 KHRUSHCHEV 1 RELATIONSHIP 1 TO 1 EFFORTS 1 WITH 1 YUGOSLAVIA 1 A 4

Query 44 OPPOSITION 1 S 8 NONAGGRESSION 1 WEST 1 BONN 1 FOR 1 PROPOSALS 1 PACT 1 TO 1 AN 1 EAST 1

Query 45 GREAT 1 OF 2 BACKGROUND 1 NEW 1 PRIME 1 MINISTER 1 THE 1 BRITAIN 1

Query 46 INTO 1 GAULLE 1 S 3 ON 2 COMMON 1 THE 1 ENTRY 1 DE 2 POLICY 1 PRESIDENT 1 MARKET 1 BRITISH 1

Query 47 INDEPENDENT 1 OF 1 S 3 EUROPE 1 FOR 1 PROPOSALS 1 THE 1 UNIFIED 1 A 2 U 3

Query 48 PROPOSAL 1 IS 1 THE 1 LINE 1 HOT 1 WHAT 1

Query 49 LUDWIG 1 OF 2 BACKGROUND 1 NEW 1 CHANCELLOR 1 WEST 1 ERHARD 1 THE 1 GERMANY 1

Query 50 IN 4 OF 3 PARIS 1 MEETING 1 ARE 1 MEMBERS 1 MINISTERS 1 BOTH 1 NATO 1 AND 1 THOSE 1 APRIL 1 COUNTRIES 1 THAT 1 SEATO 1

Query 51 KHRUSHCHEV 1 PREMIER 1 TO 1 SUCCESSOR 1

Query 52 COMMUNIST 1 IS 3 HE 3 HINT 1 THAT 1 HIS 1 RETIRE 1 PREMIER 2 PARTY 1 ONE 1 BY 1 POSTS 1 TWO 1 SECRETARY 1 BOTH 1 MAY 1 OF 1 KHRUSHCHEV 1 AND 1 THE 1 FROM 1 WHO 1

Query 53 NATIONS 1 NONAGGRESSION 1 KHRUSHCHEV 1 WARSAW 1 FOR 1 PACT 2 NATO 1 PREMIER 1 AND 1 BETWEEN 1 AGAIN 1 THE 1 ONCE 1 A 11 PRESSING 1

Query 54 COMMUNIST 1 BAN 1 NUCLEAR 1 OF 1 SOVIET 1 S 7 TEST 1 WEST 1 CHINA 1 REACTION 1 UNION 1 TREATY 1 TO 1 THE 3 SIGNING 1 WITH 1

Query 55 INTERNATIONAL 1 NUCLEAR 1 MISSILE 1 KENNEDY 1 FLEET 1 BY 2 A 7 CREWS 1 FOR 1 NATO 1 MANNED 1 MADE 1 SUGGESTION 1 PRESIDENT 1

Query 56 MOON 1 KENNEDY 1 BY 1 S 5 SOVIET 1 ON 4 A 4 UNION 1 AND 1 THE 2 THAT 1 PROJECT 1 SUGGESTION 1 COOPERATE 1 PRESIDENT 1 U 3

Query 57 BAN 1 OF 1 TEST 1 PROVISIONS 1 TREATY 1 THE 1

Query 58 NATIONS 1 NUCLEAR 1 SUBMARINE 1 S 12 MISSILES 1 FOR 1 OTHER 1 POLARIS 1 THEIR 1 POSSESSING 1 FLEETS 1 U 3

Query 59 DISARMAMENT 1 SOVIET 1 S 9 UNION 1 GENEVA 1 AND 1 THE 3 BETWEEN 1 INSPECTION 1 OVER 1 CONFERENCES 1 SYSTEMS 1 AT 1 DISPUTE 1 U 3

Query 60 BAN 1 OF 1 TEST 1 TREATY 1 THE 1 SIGNING 1

Query 61 WORKING 1 NATIONS 1 NUCLEAR 1 ON 3 DEVELOPMENT 1 WEAPONS 1

Query 62 AUTONOMY 1 OF 1 S 5 FOR 1 KURD 1 THE 1 STRUGGLE 1 MOSCOW 1 SUPPORT 1

Query 63 NASSER 1 OUT 1 AS 2 IN 5 RULING 1 GOVERNING 1 S 9 LONG 1 SYRIA 1 PRESENT 1 REMAINS 1 UNION 1 THE 1 CONTROL 1 SO 1 PRESIDENT 1 ARAB 1 PARTY 1

Query 64 LAST 1 PARLIAMENT 1 MOTION 1 HIS 1 INDIAN 1 UNDER 1 S 6 PRIME 1 NEHRU 1 CONFIDENCE 1 FIRST 1 BY 1 OFFICE 1 ENTERTAINED 1 GOVERNMENT 1 WEEK 1 NO 1 ATTACK 1 IN 6 COMING 1 SINCE 1 MINISTER 1 THE 2 TOOK 1

Query 65 BORDER 1 SYRIA 1 AND 1 BETWEEN 1 DISPUTE 1 ISRAEL 1

Query 66 AGREEMENT 1 CLOSER 1 ON 4 IRAQ 1 SYRIA 1 COOPERATION 1 AND 2 FULL 1 BETWEEN 1 ECONOMIC 2 UNITY 1

Query 67 CONTINUING 1 KASHMIR 1 CONFLICT 1 PAKISTAN 1 AND 1 BETWEEN 1 INDIA 1 OVER 1

Query 68 INDIAN 1 COMMUNIST 1 OF 1 FEARS 1 ANOTHER 1 CHINESE 1 INVASION 1

Query 69 IRAQ 1 SYRIA 1 AIMS 1 TO 1 CONTROL 1 COUNTRIES 1 HAS 1 ALL 1 GAINED 1 PARTY 1 BY 1 FOUNDED 1 OF 1 AFLAK 1 WHICH 1 UNITE 1 BAATH 1 RENAISSANCE 1 THE 1 MICHEL 1 AND 2 ARAB 1

Query 70 REFORM 1 FREE 1 OF 1 GIVING 1 KING 1 S 6 FEISAL 1 REIN 1 AWAY 1 BROTHER 1 HALF 1 STATE 1 SIGNED 1 TO 1 WHO 1 RULE 1 HIS 2 POWER 1

Query 71 RUSSIA 1 IN 3 AID 1 BY 1 INVOLVED 1 IS 3 BEING 1 ITS 1 NEIGHBORS 1 DISPUTES 1 SOMALIA 2 MILITARY 1 SUPPLIED 1 TO 1 WITH 1 WHAT 1 BORDER 1

Query 72 SOUTH 1 AFRICA 1 AS 1 TAKEN 1 S 8 NATION 1 PROTEST 1 AGAINST 2 APARTHEID 1 THAT 1 ECONOMIC 1 STEPS 1 POLICY 1 A 13

Query 73 WHO 1 HELPED 1 OF 1 IN 5 INCREASING 1 ABOUT 1 BELLA 1 OTHER 1 BRING 1 INDEPENDENCE 1 PREMIER 1 BEN 1 ALGERIA 2 FROM 1 LEADERS 1 CRITICISM 1 ALGERIAN 1

Query 74 TAKE 1 PROVINCE 1 OF 1 IN 3 BY 1 THE 2 AGAIN 1 OVER 1 CONGO 1 MOISE 1 TSHOMBE 1 KATANGA 1

Query 75 OUT 1 HIS 1 CHARGES 1 ENTIRE 1 OF 1 SOVIET 1 S 8 ON 1 EMBASSY 1 COUNTRY 1 CYRILLE 1 SPYING 1 PREMIER 1 ADOULA 1 ORDERING 1 THE 1 STAFF 1 THROWN 1

Query 76 INDEPENDENT 1 TO 1 HELD 1 STATE 1 31 1 AFRICAN 2 UNITY 1 BE 1 ABABA 1 BY 1 CONFERENCE 1 ON 4 ADDIS 1 22 1 HEADS 1 MAY 1 NATIONS 1 IN 2 OF 2 THE 1

Query 77 CONTROLS 1 SPAIN 1 OF 2 SOME 1 S 6 ITS 1 TERRITORIES 1 AFRICAN 1 RELAXATION 1 OVER 1

Query 78 12 1 ITS 1 TO 1 DEC 1 FORMED 1 FEDERATION 1 WHEN 1 EAST 1 BE 1 GAINS 1 KENYA 2 BY 1 ON 2 INDEPENDENCE 1 AFRICA 1 OF 1 UGANDA 1 AND 2 FROM 1 TANGANYIKA 1 BRITAIN 1

Query 79 VOTE 1 GIVING 1 NEW 1 ON 3 S 3 BELLA 1 CONSTITUTION 1 POWERS 1 ALGERIAN 1 FULL 1 TO 1 PREMIER 1 BEN 1 POLITICAL 1 A 6 PARTY 1

Query 80 AFRICA 1 NATIONS 1 AREAS 1 OF 3 EFFECTS 1 SOVIET 1 NEW 1 ON 3 ASIA 1 OR 1 FERMENT 1 IN 3 AMERICA 1 LATIN 1 AND 1 THE 2 SINO 1 DISPUTE 1

Query 81 COMMUNIST 3 WORLD 2 OF 1 SOVIET 1 TRADE 1 REST 1 UNION 1 NON 1 AND 1 THE 4 WITH 2 CHINESE 1

Query 82 IDEOLOGICAL 1 COMMUNIST 1 OF 1 IN 3 SOVIET 1 CHINA 1 BACKING 1 UNION 1 THE 2 ALBANIAN 1 WITH 1 SPLIT 1

Query 83 WITHDRAWAL 1 RED 1 ITS 1 ASSISTANCE 1 FOR 1 TREATY 1 DEVELOPMENT 1 BREAKING 1 ECONOMIC 1 DELAYS 1 BLAMING 1 CHINESE 1 TECHNICAL 1 OF 2 IN 4 PROGRAM 1 SERIOUS 1 TROUBLES 1 AND 1 THE 1 RUSSIAN 1

